e:\r07522616_hcc\research\orbslam_program\mydll_0\mydll\mydll\x64\release\mydll.pch
e:\r07522616_hcc\research\orbslam_program\mydll_0\mydll\mydll\x64\release\vc141.pdb
e:\r07522616_hcc\research\orbslam_program\mydll_0\mydll\mydll\x64\release\stdafx.obj
e:\r07522616_hcc\research\orbslam_program\mydll_0\mydll\mydll\x64\release\videocap.obj
e:\r07522616_hcc\research\orbslam_program\mydll_0\mydll\mydll\x64\release\orb_slam.obj
e:\r07522616_hcc\research\orbslam_program\mydll_0\mydll\mydll\x64\release\mydll.obj
e:\r07522616_hcc\research\orbslam_program\mydll_0\mydll\mydll\x64\release\dllmain.obj
e:\r07522616_hcc\research\orbslam_program\mydll_0\mydll\x64\release\mydll.dll
e:\r07522616_hcc\research\orbslam_program\mydll_0\mydll\x64\release\mydll.pdb
e:\r07522616_hcc\research\orbslam_program\mydll_0\mydll\x64\release\mydll.lib
e:\r07522616_hcc\research\orbslam_program\mydll_0\mydll\x64\release\mydll.exp
e:\r07522616_hcc\research\orbslam_program\mydll_0\mydll\x64\release\mydll.ipdb
e:\r07522616_hcc\research\orbslam_program\mydll_0\mydll\x64\release\mydll.iobj
e:\r07522616_hcc\research\orbslam_program\mydll_0\mydll\mydll\x64\release\mydll.tlog\cl.command.1.tlog
e:\r07522616_hcc\research\orbslam_program\mydll_0\mydll\mydll\x64\release\mydll.tlog\cl.read.1.tlog
e:\r07522616_hcc\research\orbslam_program\mydll_0\mydll\mydll\x64\release\mydll.tlog\cl.write.1.tlog
e:\r07522616_hcc\research\orbslam_program\mydll_0\mydll\mydll\x64\release\mydll.tlog\link.command.1.tlog
e:\r07522616_hcc\research\orbslam_program\mydll_0\mydll\mydll\x64\release\mydll.tlog\link.read.1.tlog
e:\r07522616_hcc\research\orbslam_program\mydll_0\mydll\mydll\x64\release\mydll.tlog\link.write.1.tlog
e:\r07522616_hcc\research\orbslam_program\mydll_0\mydll\mydll\x64\release\mydll.tlog\mydll.write.1u.tlog
